#
# A fatal error has been detected by the Java Runtime Environment:
#
#  Internal Error (javaClasses.cpp:136), pid=1196, tid=4140
#  fatal error: Invalid layout of preloaded class
#
# JRE version:  (7.0_67-b01) (build )
# Java VM: Java HotSpot(TM) Client VM (24.65-b04 mixed mode windows-x86 )
# Failed to write core dump. Minidumps are not enabled by default on client versions of Windows
#
# If you would like to submit a bug report, please visit:
#   http://bugreport.sun.com/bugreport/crash.jsp
#

---------------  T H R E A D  ---------------

Current thread (0x00bcc800):  JavaThread "Unknown thread" [_thread_in_vm, id=4140, stack(0x00d40000,0x00d90000)]

Stack: [0x00d40000,0x00d90000],  sp=0x00d8f300,  free space=316k
Native frames: (J=compiled Java code, j=interpreted, Vv=VM code, C=native code)
V  [jvm.dll+0x190494]
V  [jvm.dll+0x18a116]
V  [jvm.dll+0x35d7a]
V  [jvm.dll+0x35e06]
V  [jvm.dll+0x4465d]
V  [jvm.dll+0x4490e]
V  [jvm.dll+0x92f8a]
V  [jvm.dll+0x9333b]
V  [jvm.dll+0x13fa31]
V  [jvm.dll+0x1626fc]
V  [jvm.dll+0xc9d6f]
C  [javaw.exe+0x13ce]
C  [javaw.exe+0x1e40]
C  [javaw.exe+0xa601]
C  [javaw.exe+0xa68b]
C  [kernel32.dll+0x1338a]
C  [ntdll.dll+0x39f72]
C  [ntdll.dll+0x39f45]


---------------  P R O C E S S  ---------------

Java Threads: ( => current thread )

Other Threads:

=>0x00bcc800 (exited) JavaThread "Unknown thread" [_thread_in_vm, id=4140, stack(0x00d40000,0x00d90000)]

VM state:not at safepoint (not fully initialized)

VM Mutex/Monitor currently owned by a thread: None

GC Heap History (0 events):
No events

Deoptimization events (0 events):
No events

Internal exceptions (0 events):
No events

Events (10 events):
Event: 0.005 loading class 0x00af8bf8
Event: 0.005 loading class 0x00af8bf8 done
Event: 0.005 loading class 0x00af8c38
Event: 0.006 loading class 0x00af91a8
Event: 0.006 loading class 0x00af91a8 done
Event: 0.006 loading class 0x00afedb8
Event: 0.006 loading class 0x00afedb8 done
Event: 0.006 loading class 0x00af8c38 done
Event: 0.006 loading class 0x00af8c18
Event: 0.006 loading class 0x00af8c18 done


Dynamic libraries:
0x00de0000 - 0x00e0f000 	C:\Program Files (x86)\Java\jre7\bin\javaw.exe
0x77440000 - 0x775c0000 	C:\Windows\SysWOW64\ntdll.dll
0x75f90000 - 0x760a0000 	C:\Windows\syswow64\kernel32.dll
0x76ae0000 - 0x76b27000 	C:\Windows\syswow64\KERNELBASE.dll
0x76920000 - 0x769c0000 	C:\Windows\syswow64\ADVAPI32.DLL
0x75d40000 - 0x75dec000 	C:\Windows\syswow64\msvcrt.dll
0x762c0000 - 0x762d9000 	C:\Windows\SysWOW64\sechost.dll
0x769f0000 - 0x76ae0000 	C:\Windows\syswow64\RPCRT4.dll
0x74e40000 - 0x74ea0000 	C:\Windows\syswow64\SspiCli.dll
0x74e30000 - 0x74e3c000 	C:\Windows\syswow64\CRYPTBASE.dll
0x76c90000 - 0x76d90000 	C:\Windows\syswow64\USER32.dll
0x76f50000 - 0x76fe0000 	C:\Windows\syswow64\GDI32.dll
0x76610000 - 0x7661a000 	C:\Windows\syswow64\LPK.dll
0x76620000 - 0x766bd000 	C:\Windows\syswow64\USP10.dll
0x73a30000 - 0x73bce000 	C:\Windows\WinSxS\x86_microsoft.windows.common-controls_6595b64144ccf1df_6.0.7601.17514_none_41e6975e2bd6f2b2\COMCTL32.dll
0x76fe0000 - 0x77037000 	C:\Windows\syswow64\SHLWAPI.dll
0x760a0000 - 0x76100000 	C:\Windows\system32\IMM32.DLL
0x76370000 - 0x7643c000 	C:\Windows\syswow64\MSCTF.dll
0x6aef0000 - 0x6afaf000 	C:\Program Files (x86)\Java\jre7\bin\msvcr100.dll
0x5de10000 - 0x5e198000 	C:\Program Files (x86)\Java\jre7\bin\client\jvm.dll
0x74670000 - 0x74677000 	C:\Windows\system32\WSOCK32.dll
0x768e0000 - 0x76915000 	C:\Windows\syswow64\WS2_32.dll
0x74ff0000 - 0x74ff6000 	C:\Windows\syswow64\NSI.dll
0x74600000 - 0x74632000 	C:\Windows\system32\WINMM.dll
0x76260000 - 0x76265000 	C:\Windows\syswow64\PSAPI.DLL
0x72a00000 - 0x72a0c000 	C:\Program Files (x86)\Java\jre7\bin\verify.dll
0x705b0000 - 0x705d0000 	C:\Program Files (x86)\Java\jre7\bin\java.dll
0x70630000 - 0x70643000 	C:\Program Files (x86)\Java\jre7\bin\zip.dll
0x5e6d0000 - 0x5e7bb000 	C:\Windows\system32\dbghelp.dll

VM Arguments:
jvm_args: -Dfile.encoding=Cp1252 -Xbootclasspath:C:\Program Files (x86)\leJOS NXJ\lib\nxt\classes.jar 
java_command: robot.controller.TheBotRunner
Launcher Type: SUN_STANDARD

Environment Variables:
PATH=C:/Program Files (x86)/Java/jre7/bin/client;C:/Program Files (x86)/Java/jre7/bin;C:/Program Files (x86)/Java/jre7/lib/i386;C:\Windows\system32;C:\Windows;C:\Windows\System32\Wbem;C:\Windows\System32\WindowsPowerShell\v1.0\;c:\Program Files (x86)\Microsoft SQL Server\100\Tools\Binn\;c:\Program Files\Microsoft SQL Server\100\Tools\Binn\;c:\Program Files\Microsoft SQL Server\100\DTS\Binn\;C:\Program Files (x86)\IVI Foundation\VISA\WinNT\Bin;C:\Program Files (x86)\leJOS NXJ\bin;C:\Program Files\Java\jdk1.7.0_55\bin;C:\32 bit eclipse\eclipse;
USERNAME=ahit0637
OS=Windows_NT
PROCESSOR_IDENTIFIER=Intel64 Family 6 Model 42 Stepping 7, GenuineIntel



---------------  S Y S T E M  ---------------

OS: Windows 7 , 64 bit Build 7601 Service Pack 1

CPU:total 4 (2 cores per cpu, 2 threads per core) family 6 model 42 stepping 7, cmov, cx8, fxsr, mmx, sse, sse2, sse3, ssse3, sse4.1, sse4.2, popcnt, avx, ht, tsc, tscinvbit

Memory: 4k page, physical 4079632k(1394588k free), swap 8157400k(5353176k free)

vm_info: Java HotSpot(TM) Client VM (24.65-b04) for windows-x86 JRE (1.7.0_67-b01), built on Jul 25 2014 10:20:53 by "java_re" with unknown MS VC++:1600

time: Wed Dec 17 08:26:35 2014
elapsed time: 0 seconds

